  [1m[35m (705.1ms)[0m  [1m[35mCREATE DATABASE "cat_tinder_backend_development" ENCODING = 'unicode'[0m
  [1m[35m (297.6ms)[0m  [1m[35mCREATE DATABASE "cat_tinder_backend_test" ENCODING = 'unicode'[0m
Started GET "/" for ::1 at 2020-06-17 15:09:06 -0700
Processing by Rails::WelcomeController#index as HTML
  Rendering /Users/learnacademy/.rvm/gems/ruby-2.7.0/gems/railties-6.0.3.2/lib/rails/templates/rails/welcome/index.html.erb
  Rendered /Users/learnacademy/.rvm/gems/ruby-2.7.0/gems/railties-6.0.3.2/lib/rails/templates/rails/welcome/index.html.erb (Duration: 15.0ms | Allocations: 409)
Completed 200 OK in 43ms (Views: 27.8ms | ActiveRecord: 0.0ms | Allocations: 2397)


  [1m[35m (94.8ms)[0m  [1m[35mCREATE TABLE "schema_migrations" ("version" character varying NOT NULL PRIMARY KEY)[0m
  [1m[35m (8.7ms)[0m  [1m[35mCREATE TABLE "ar_internal_metadata" ("key" character varying NOT NULL PRIMARY KEY, "value" character varying, "created_at" timestamp(6) NOT NULL, "updated_at" timestamp(6) NOT NULL)[0m
  [1m[35m (3.5ms)[0m  [1m[34mSELECT pg_try_advisory_lock(193641846089075370)[0m
  [1m[35m (3.4ms)[0m  [1m[34mSELECT "schema_migrations"."version" FROM "schema_migrations" ORDER BY "schema_migrations"."version" ASC[0m
Migrating to CreateCats (20200617221404)
  [1m[35m (13.5ms)[0m  [1m[35mBEGIN[0m
  [1m[35m (49.4ms)[0m  [1m[35mCREATE TABLE "cats" ("id" bigserial primary key, "name" character varying, "age" integer, "enjoys" text, "created_at" timestamp(6) NOT NULL, "updated_at" timestamp(6) NOT NULL)[0m
  [1m[36mprimary::SchemaMigration Create (2.3ms)[0m  [1m[32mINSERT INTO "schema_migrations" ("version") VALUES ($1) RETURNING "version"[0m  [["version", "20200617221404"]]
  [1m[35m (0.8ms)[0m  [1m[35mCOMMIT[0m
  [1m[36mActiveRecord::InternalMetadata Load (2.0ms)[0m  [1m[34mSELECT "ar_internal_metadata".* FROM "ar_internal_metadata" WHERE "ar_internal_metadata"."key" = $1 LIMIT $2[0m  [["key", "environment"], ["LIMIT", 1]]
  [1m[35m (19.0ms)[0m  [1m[35mBEGIN[0m
  [1m[36mActiveRecord::InternalMetadata Create (5.8ms)[0m  [1m[32mINSERT INTO "ar_internal_metadata" ("key", "value", "created_at", "updated_at") VALUES ($1, $2, $3, $4) RETURNING "key"[0m  [["key", "environment"], ["value", "development"], ["created_at", "2020-06-17 22:14:28.924665"], ["updated_at", "2020-06-17 22:14:28.924665"]]
  [1m[35m (0.5ms)[0m  [1m[35mCOMMIT[0m
  [1m[35m (0.5ms)[0m  [1m[34mSELECT pg_advisory_unlock(193641846089075370)[0m
  [1m[35m (1.5ms)[0m  [1m[34mSELECT "schema_migrations"."version" FROM "schema_migrations" ORDER BY "schema_migrations"."version" ASC[0m
  [1m[35m (1.5ms)[0m  [1m[34mSELECT "schema_migrations"."version" FROM "schema_migrations" ORDER BY "schema_migrations"."version" ASC[0m
  [1m[35m (2.4ms)[0m  [1m[34mSELECT "schema_migrations"."version" FROM "schema_migrations" ORDER BY "schema_migrations"."version" ASC[0m
  [1m[35m (0.2ms)[0m  [1m[35mBEGIN[0m
  [1m[36mCat Create (25.2ms)[0m  [1m[32mINSERT INTO "cats" ("name", "age", "enjoys", "created_at", "updated_at") VALUES ($1, $2, $3, $4, $5) RETURNING "id"[0m  [["name", "Abigal"], ["age", 25], ["enjoys", "Long naps on the couch, and sexy hairless cats."], ["created_at", "2020-06-17 22:30:14.054133"], ["updated_at", "2020-06-17 22:30:14.054133"]]
  [1m[35m (1.8ms)[0m  [1m[35mCOMMIT[0m
  [1m[35m (0.2ms)[0m  [1m[35mBEGIN[0m
  [1m[36mCat Create (25.6ms)[0m  [1m[32mINSERT INTO "cats" ("name", "age", "enjoys", "created_at", "updated_at") VALUES ($1, $2, $3, $4, $5) RETURNING "id"[0m  [["name", "Homer"], ["age", 62], ["enjoys", "Food mostly, and wicked cute cats."], ["created_at", "2020-06-17 22:30:14.100807"], ["updated_at", "2020-06-17 22:30:14.100807"]]
  [1m[35m (0.4ms)[0m  [1m[35mCOMMIT[0m
  [1m[35m (0.3ms)[0m  [1m[35mBEGIN[0m
  [1m[36mCat Create (0.5ms)[0m  [1m[32mINSERT INTO "cats" ("name", "age", "enjoys", "created_at", "updated_at") VALUES ($1, $2, $3, $4, $5) RETURNING "id"[0m  [["name", "Douglas"], ["age", 2], ["enjoys", "red sox is life, licking himself."], ["created_at", "2020-06-17 22:30:14.139924"], ["updated_at", "2020-06-17 22:30:14.139924"]]
  [1m[35m (2.1ms)[0m  [1m[35mCOMMIT[0m
  [1m[36mCat Load (1.2ms)[0m  [1m[34mSELECT "cats".* FROM "cats" LIMIT $1[0m  [["LIMIT", 11]]
